c:\program files (x86)\primesense\nite2\samples\geniusflow\debug\main.obj
c:\program files (x86)\primesense\nite2\samples\geniusflow\debug\viewer.obj
c:\program files (x86)\primesense\nite2\samples\geniusflow\debug\vc100.pdb
c:\program files (x86)\primesense\nite2\samples\geniusflow\debug\handviewer.ilk
c:\program files (x86)\primesense\nite2\samples\geniusflow\debug\handviewer.exe
c:\program files (x86)\primesense\nite2\samples\geniusflow\debug\handviewer.exe.intermediate.manifest
c:\program files (x86)\primesense\nite2\samples\geniusflow\debug\handviewer.pdb
c:\program files (x86)\primesense\nite2\samples\geniusflow\debug\cl.command.1.tlog
c:\program files (x86)\primesense\nite2\samples\geniusflow\debug\cl.read.1.tlog
c:\program files (x86)\primesense\nite2\samples\geniusflow\debug\cl.write.1.tlog
c:\program files (x86)\primesense\nite2\samples\geniusflow\debug\link.command.1.tlog
c:\program files (x86)\primesense\nite2\samples\geniusflow\debug\link.read.1.tlog
c:\program files (x86)\primesense\nite2\samples\geniusflow\debug\link.write.1.tlog
c:\program files (x86)\primesense\nite2\samples\geniusflow\debug\mt.command.1.tlog
c:\program files (x86)\primesense\nite2\samples\geniusflow\debug\mt.read.1.tlog
c:\program files (x86)\primesense\nite2\samples\geniusflow\debug\mt.write.1.tlog
c:\program files (x86)\primesense\nite2\samples\geniusflow\debug\vc100.idb
c:\program files (x86)\primesense\nite2\samples\geniusflow\debug\nite2.jni.pdb
c:\program files (x86)\primesense\nite2\samples\geniusflow\debug\nite2.pdb
c:\program files (x86)\primesense\nite2\samples\geniusflow\debug\openni2.jni.pdb
c:\program files (x86)\primesense\nite2\samples\geniusflow\debug\openni2.pdb
